+ ld obj/kern/kernel
+ mk obj/kern/kernel.img
6828 decimal is 15254 octal!
Physical memory: 66556K available, base = 640K, extended = 65532K
Skipped this page 7
Check first entry of pages &pages[0] = f0345000
&pages[npages-1] = f03657f0
check_page_free_list(1) ok cleared
check_page_alloc() succeeded!
check_page() succeeded!
check_kern_pgdir() succeeded!
check_page_free_list(0) ok cleared
check_page_installed_pgdir() succeeded!
SMP: CPU 0 found 1 CPU(s)
enabled interrupts: 1 2 4
PCI: 00:00.0: 8086:1237: class: 6.0 (Bridge device) irq: 0
PCI: 00:01.0: 8086:7000: class: 6.1 (Bridge device) irq: 0
PCI: 00:01.1: 8086:7010: class: 1.1 (Storage controller) irq: 0
PCI: 00:01.3: 8086:7113: class: 6.80 (Bridge device) irq: 9
PCI: 00:02.0: 1013:00b8: class: 3.0 (Display controller) irq: 0
PCI: 00:03.0: 8086:100e: class: 2.0 (Network controller) irq: 11
PCI function 00:03.0 (8086:100e) enabled
E1000 status value: 80080783
FS is running
FS can do I/O
Device 1 presence: 1
block cache is good
superblock is good
bitmap is good
ns: 52:54:00:12:34:56 bound to static IP 10.0.2.15
NS: TCP/IP initialized.
Length is: 64
Waiting for http connections...
Length is: 60
Length is: 60
Length is: 187
[00001002] user panic in jhttpd at user/httpd.c:226: send_file not implemented
Welcome to the JOS kernel monitor!
Type 'help' for a list of commands.
TRAP frame at 0xf03660f8 from CPU 0
  edi  0xeebfdd60
  esi  0x00802abf
  ebp  0xeebfdb40
  oesp 0xf02b2fdc
  ebx  0xeebfdb54
  edx  0xeebfd9f8
  ecx  0x00000001
  eax  0x00000001
  es   0x----0023
  ds   0x----0023
  trap 0x00000003 Breakpoint
  err  0x00000000
  eip  0x0080064b
  cs   0x----001b
  flag 0x00000282
  esp  0xeebfdb38
  ss   0x----0023
